{"level":"error","message":"Error de autenticación: Usuario no encontrado"}
{"level":"error","message":"Error de autenticación: Usuario no encontrado"}
{"level":"error","message":"Error de autenticación: Usuario no encontrado"}
{"level":"error","message":"Error de autenticación: Usuario no encontrado"}
{"level":"error","message":"Error de autenticación: Contraseña incorrecta"}
{"level":"error","message":"El owner debe contener usuarios premium"}
{"level":"error","message":"Error de autenticación: Contraseña incorrecta"}
{"level":"error","message":"Error de autenticación: Contraseña incorrecta"}
{"level":"error","message":"Error de autenticación: Contraseña incorrecta"}
{"level":"error","message":"Error de autenticación: Contraseña incorrecta"}
{"level":"error","message":"Error de autenticación: Contraseña incorrecta"}
{"level":"error","message":"Error de autenticación: Contraseña incorrecta"}
{"level":"error","message":"Error de autenticación: Contraseña incorrecta"}
{"level":"error","message":"Error de autenticación: Contraseña incorrecta"}
{"level":"error","message":"Error de autenticación: Contraseña incorrecta"}
{"level":"error","message":"Error de autenticación: Contraseña incorrecta"}
{"level":"error","message":"Error de autenticación: Contraseña incorrecta"}
{"level":"error","message":"Error de autenticación: Contraseña incorrecta"}
{"level":"error","message":"Error de autenticación: Contraseña incorrecta"}
{"level":"error","message":"Error de autenticación: Contraseña incorrecta"}
{"level":"error","message":"El owner debe contener usuarios premium"}
{"level":"error","message":"Error al comparar contraseñas: data and hash arguments required"}
{"level":"error","message":"Error al comparar contraseñas: data and hash arguments required"}
{"level":"error","message":"Error al comparar contraseñas: data and hash arguments required"}
{"level":"error","message":"Error al comparar contraseñas: data and hash arguments required"}
{"level":"error","message":"Error al comparar contraseñas: data and hash arguments required"}
{"level":"error","message":"Error al comparar contraseñas: data and hash arguments required"}
{"level":"error","message":"Error al comparar contraseñas: data and hash arguments required"}
{"level":"error","message":"Error al comparar contraseñas: data and hash arguments required"}
{"level":"error","message":"Error al comparar contraseñas: data and hash arguments required"}
{"level":"error","message":"Error al comparar contraseñas: data and hash arguments required"}
{"level":"error","message":"Error al comparar contraseñas: data and hash arguments required"}
{"level":"error","message":"Error al comparar contraseñas: data and hash arguments required"}
{"level":"error","message":"Error al comparar contraseñas: data and hash arguments required"}
{"level":"error","message":"Error al comparar contraseñas: data and hash arguments required"}
{"level":"error","message":"Error al comparar contraseñas: data and hash arguments required"}
{"level":"error","message":"Error al comparar contraseñas: data and hash arguments required"}
{"level":"error","message":"Error al comparar contraseñas: data and hash arguments required"}
{"level":"error","message":"Error al comparar contraseñas: data and hash arguments required"}
{"level":"error","message":"Error al comparar contraseñas: data and hash arguments required"}
{"level":"error","message":"Error al comparar contraseñas: data and hash arguments required"}
{"level":"error","message":"Error al comparar contraseñas: data and hash arguments required"}
{"level":"error","message":"Error al comparar contraseñas: data and hash arguments required"}
{"level":"error","message":"Error al comparar contraseñas: data and hash arguments required"}
{"level":"error","message":"Error al comparar contraseñas: data and hash arguments required"}
{"level":"error","message":"Error al comparar contraseñas: data and hash arguments required"}
{"level":"error","message":"Error al comparar contraseñas: data and hash arguments required"}
{"level":"error","message":"Error al comparar contraseñas: data and hash arguments required"}
{"level":"error","message":"Error al comparar contraseñas: data and hash arguments required"}
{"level":"error","message":"Error al comparar contraseñas: data and hash arguments required"}
{"level":"error","message":"Error al conectar a la base de datos Atlas de MongoDB:"}
{"level":"error","message":"El owner debe contener usuarios premium"}
{"level":"error","message":"Error de autenticación: Contraseña incorrecta"}
{"level":"error","message":"Error al comparar contraseñas: data and hash arguments required"}
{"level":"error","message":"Error al comparar contraseñas: data and hash arguments required"}
{"level":"error","message":"Error al conectar a la base de datos Atlas de MongoDB:"}
{"level":"error","message":"El owner debe contener usuarios premium"}
{"level":"error","message":"Error de autenticación: Contraseña incorrecta"}
{"level":"error","message":"Error al conectar a la base de datos Atlas de MongoDB:"}
{"level":"error","message":"Error de autenticación: Contraseña incorrecta"}
