{"level":"info","message":"Se inicia página de Inicio de Login"}
{"level":"info","message":"Se inicia página de Registro de Usuarios"}
{"level":"info","message":"Se inicia página de Inicio de Login"}
{"level":"info","message":"Se inicia página de Inicio de Login"}
{"level":"info","message":"Se inicia página de Registro de Usuarios"}
{"level":"info","message":"Registro exitoso para el usuario: soliskarem@gmail.com"}
{"level":"info","message":"Se inicia página de Inicio de Login"}
{"level":"info","message":"Inicio de sesión exitoso para el usuario: soliskarem@gmail.com"}
{"level":"info","message":"Inicio de sesión exitoso para el usuario: soliskarem@gmail.com"}
{"level":"info","message":"Inicio de sesión exitoso para el usuario: soliskarem@gmail.com"}
{"level":"info","message":"Inicio de sesión exitoso para el usuario: soliskarem@gmail.com"}
{"level":"info","message":"Inicio de sesión exitoso para el usuario: soliskarem@gmail.com"}
{"level":"info","message":"Inicio de sesión exitoso para el usuario: soliskarem@gmail.com"}
{"level":"info","message":"Inicio de sesión exitoso para el usuario: soliskarem@gmail.com"}
{"level":"info","message":"Inicio de sesión exitoso para el usuario: soliskarem@gmail.com"}
{"level":"info","message":"Inicio de sesión exitoso para el usuario: soliskarem@gmail.com"}
{"level":"info","message":"Inicio de sesión exitoso para el usuario: soliskarem@gmail.com"}
{"level":"info","message":"Inicio de sesión exitoso para el usuario: soliskarem@gmail.com"}
{"level":"info","message":"Inicio de sesión exitoso para el usuario: soliskarem@gmail.com"}
{"level":"info","message":"Inicio de sesión exitoso para el usuario: soliskarem@gmail.com"}
{"level":"info","message":"Inicio de sesión exitoso para el usuario: soliskarem@gmail.com"}
{"level":"info","message":"Inicio de sesión exitoso para el usuario: soliskarem@gmail.com"}
{"level":"info","message":"Inicio de sesión exitoso para el usuario: soliskarem@gmail.com"}
{"level":"info","message":"Inicio de sesión exitoso para el usuario: soliskarem@gmail.com"}
{"level":"info","message":"Inicio de sesión exitoso para el usuario: soliskarem@gmail.com"}
{"level":"info","message":"Inicio de sesión exitoso para el usuario: soliskarem@gmail.com"}
{"level":"info","message":"Inicio de sesión exitoso para el usuario: soliskarem@gmail.com"}
{"level":"info","message":"Inicio de sesión exitoso para el usuario: soliskarem@gmail.com"}
{"level":"info","message":"Inicio de sesión exitoso para el usuario: soliskarem@gmail.com"}
{"level":"info","message":"Inicio de sesión exitoso para el usuario: soliskarem@gmail.com"}
{"level":"info","message":"Inicio de sesión exitoso para el usuario: soliskarem@gmail.com"}
{"level":"info","message":"Inicio de sesión exitoso para el usuario: soliskarem@gmail.com"}
{"level":"info","message":"Inicio de sesión exitoso para el usuario: soliskarem@gmail.com"}
{"level":"info","message":"Inicio de sesión exitoso para el usuario: soliskarem@gmail.com"}
{"level":"info","message":"Inicio de sesión exitoso para el usuario: soliskarem@gmail.com"}
{"level":"info","message":"Inicio de sesión exitoso para el usuario: soliskarem@gmail.com"}
{"level":"info","message":"Inicio de sesión exitoso para el usuario: soliskarem@gmail.com"}
{"level":"info","message":"Inicio de sesión exitoso para el usuario: soliskarem@gmail.com"}
{"level":"info","message":"Inicio de sesión exitoso para el usuario: soliskarem@gmail.com"}
{"level":"info","message":"Inicio de sesión exitoso para el usuario: soliskarem@gmail.com"}
{"level":"info","message":"Inicio de sesión exitoso para el usuario: soliskarem@gmail.com"}
{"level":"info","message":"Inicio de sesión exitoso para el usuario: soliskarem@gmail.com"}
{"level":"info","message":"Inicio de sesión exitoso para el usuario: soliskarem@gmail.com"}
{"level":"info","message":"Inicio de sesión exitoso para el usuario: soliskarem@gmail.com"}
{"level":"info","message":"Inicio de sesión exitoso para el usuario: soliskarem@gmail.com"}
{"level":"info","message":"Inicio de sesión exitoso para el usuario: soliskarem@gmail.com"}
{"level":"info","message":"Inicio de sesión exitoso para el usuario: soliskarem@gmail.com"}
{"level":"info","message":"Inicio de sesión exitoso para el usuario: soliskarem@gmail.com"}
{"level":"info","message":"Inicio de sesión exitoso para el usuario: soliskarem@gmail.com"}
{"level":"info","message":"Se envia correo para reestablecer contraseña a correosoliskarem@gmail.com"}
{"level":"info","message":"Inicio de sesión exitoso para el usuario: soliskarem@gmail.com"}
{"level":"info","message":"Inicio de sesión exitoso para el usuario: soliskarem@gmail.com"}
{"level":"info","message":"Inicio de sesión exitoso para el usuario: soliskarem@gmail.com"}
{"level":"info","message":"Inicio de sesión exitoso para el usuario: soliskarem@gmail.com"}
{"level":"info","message":"Inicio de sesión exitoso para el usuario: soliskarem@gmail.com"}
{"level":"info","message":"Inicio de sesión exitoso para el usuario: soliskarem@gmail.com"}
{"level":"info","message":"Inicio de sesión exitoso para el usuario: soliskarem@gmail.com"}
{"level":"info","message":"Inicio de sesión exitoso para el usuario: soliskarem@gmail.com"}
{"level":"info","message":"Inicio de sesión exitoso para el usuario: soliskarem@gmail.com"}
{"level":"info","message":"Inicio de sesión exitoso para el usuario: soliskarem@gmail.com"}
{"level":"info","message":"Inicio de sesión exitoso para el usuario: soliskarem@gmail.com"}
{"level":"info","message":"Inicio de sesión exitoso para el usuario: soliskarem@gmail.com"}
{"level":"info","message":"Inicio de sesión exitoso para el usuario: soliskarem@gmail.com"}
{"level":"info","message":"Inicio de sesión exitoso para el usuario: soliskarem@gmail.com"}
{"level":"info","message":"Inicio de sesión exitoso para el usuario: soliskarem@gmail.com"}
{"level":"info","message":"Inicio de sesión exitoso para el usuario: soliskarem@gmail.com"}
{"level":"info","message":"Inicio de sesión exitoso para el usuario: soliskarem@gmail.com"}
{"level":"info","message":"Inicio de sesión exitoso para el usuario: soliskarem@gmail.com"}
{"level":"info","message":"Inicio de sesión exitoso para el usuario: soliskarem@gmail.com"}
{"level":"info","message":"Inicio de sesión exitoso para el usuario: soliskarem@gmail.com"}
{"level":"info","message":"Inicio de sesión exitoso para el usuario: soliskarem@gmail.com"}
{"level":"info","message":"Inicio de sesión exitoso para el usuario: soliskarem@gmail.com"}
{"level":"info","message":"Inicio de sesión exitoso para el usuario: soliskarem@gmail.com"}
{"level":"info","message":"Inicio de sesión exitoso para el usuario: soliskarem@gmail.com"}
{"level":"info","message":"Inicio de sesión exitoso para el usuario: soliskarem@gmail.com"}
{"level":"info","message":"Inicio de sesión exitoso para el usuario: soliskarem@gmail.com"}
{"level":"info","message":"Inicio de sesión exitoso para el usuario: soliskarem@gmail.com"}
{"level":"info","message":"Inicio de sesión exitoso para el usuario: soliskarem@gmail.com"}
{"level":"info","message":"Inicio de sesión exitoso para el usuario: soliskarem@gmail.com"}
{"level":"info","message":"Se inicia página de Inicio de Login"}
{"level":"info","message":"Inicio de sesión exitoso para el usuario: soliskarem@gmail.com"}
{"level":"info","message":"Inicio de sesión exitoso para el usuario: soliskarem@gmail.com"}
{"level":"info","message":"Inicio de sesión exitoso para el usuario: soliskarem@gmail.com"}
{"level":"info","message":"Inicio de sesión exitoso para el usuario: soliskarem@gmail.com"}
{"level":"info","message":"Inicio de sesión exitoso para el usuario: soliskarem@gmail.com"}
{"level":"info","message":"Inicio de sesión exitoso para el usuario: soliskarem@gmail.com"}
{"level":"info","message":"Inicio de sesión exitoso para el usuario: soliskarem@gmail.com"}
{"level":"info","message":"Inicio de sesión exitoso para el usuario: soliskarem@gmail.com"}
{"level":"info","message":"Inicio de sesión exitoso para el usuario: soliskarem@gmail.com"}
{"level":"info","message":"Inicio de sesión exitoso para el usuario: soliskarem@gmail.com"}
{"level":"info","message":"Inicio de sesión exitoso para el usuario: soliskarem@gmail.com"}
{"level":"info","message":"Inicio de sesión exitoso para el usuario: soliskarem@gmail.com"}
{"level":"info","message":"Se envia correo para reestablecer contraseña a correosoliskarem@gmail.com"}
{"level":"info","message":"Se inicia página de Registro de Usuarios"}
{"level":"info","message":"Registro exitoso para el usuario: soliskarem@gmail.com"}
{"level":"info","message":"Se inicia página de Inicio de Login"}
{"level":"info","message":"Inicio de sesión exitoso para el usuario: soliskarem@gmail.com"}
{"level":"info","message":"Se inicia página de Administrador"}
{"level":"info","message":"Se inicia página de Administrador"}
{"level":"info","message":"Se inicia página de Administrador"}
{"level":"info","message":"Se inicia página de Administrador"}
{"level":"info","message":"Se inicia página de Administrador"}
{"level":"info","message":"Se inicia página de Administrador"}
{"level":"info","message":"Se inicia página de Administrador Usuario"}
{"level":"info","message":"Se inicia página de Administrador"}
{"level":"info","message":"Se inicia página de Administrador"}
{"level":"info","message":"Se inicia página de Inicio de Login"}
{"level":"error","message":"Error de autenticación: Usuario no encontrado"}
{"level":"error","message":"Error de autenticación: Usuario no encontrado"}
{"level":"error","message":"Error de autenticación: Usuario no encontrado"}
{"level":"error","message":"Error de autenticación: Usuario no encontrado"}
{"level":"info","message":"Se inicia página de Registro de Usuarios"}
{"level":"info","message":"Registro exitoso para el usuario: sanchezhinojosa@gmail.com"}
{"level":"info","message":"Se inicia página de Inicio de Login"}
{"level":"error","message":"Error de autenticación: Contraseña incorrecta"}
{"level":"info","message":"Inicio de sesión exitoso para el usuario: sanchezhinojosa@gmail.com"}
{"level":"info","message":"Se inicia página de Usuario Plus (Premium)"}
{"level":"info","message":"Se inicia página de Usuario Plus (Premium)"}
{"level":"info","message":"Se inicia página de Usuario Plus (Premium)"}
{"level":"info","message":"Se inicia página de Usuario Plus (Premium)"}
{"level":"info","message":"Se inicia página de Usuario Plus (Premium)"}
{"level":"info","message":"Se inicia página de Usuario Plus (Premium)"}
{"level":"info","message":"Se inicia página de Usuario Plus (Premium)"}
{"level":"info","message":"Se inicia página de Usuario Plus (Premium)"}
{"level":"info","message":"Se inicia página de Usuario Plus (Premium)"}
{"level":"info","message":"Se inicia página de Usuario Plus (Premium)"}
{"level":"info","message":"Se inicia página de Usuario Plus (Premium)"}
{"level":"info","message":"Se inicia página de Usuario Plus (Premium)"}
{"level":"info","message":"Se inicia página de Inicio de Login"}
{"level":"info","message":"Se inicia página de Registro de Usuarios"}
{"level":"info","message":"Registro exitoso para el usuario: soliskarem@gmail.com"}
{"level":"info","message":"Se inicia página de Inicio de Login"}
{"level":"info","message":"Se inicia página de Registro de Usuarios"}
{"level":"info","message":"Registro exitoso para el usuario: ejemplo1@gmail.com"}
{"level":"info","message":"Se inicia página de Inicio de Login"}
{"level":"info","message":"Se inicia página de Inicio de Login"}
{"level":"info","message":"Se inicia página de Inicio de Login"}
{"level":"info","message":"Se inicia página de Inicio de Login"}
{"level":"info","message":"Se inicia página de Inicio de Login"}
{"level":"info","message":"Se inicia página de Inicio de Login"}
{"level":"info","message":"Se inicia página de Inicio de Login"}
{"level":"info","message":"Se inicia página de Inicio de Login"}
{"level":"info","message":"Inicio de sesión exitoso para el usuario: ejemplo1@gmail.com"}
{"level":"info","message":"Inicio de sesión exitoso para el usuario: ejemplo1@gmail.com"}
{"level":"info","message":"Inicio de sesión exitoso para el usuario: ejemplo1@gmail.com"}
{"level":"info","message":"Se inicia página de Inicio de Login"}
{"level":"info","message":"Inicio de sesión exitoso para el usuario: ejemplo1@gmail.com"}
{"level":"info","message":"Inicio de sesión exitoso para el usuario: ejemplo1@gmail.com"}
{"level":"info","message":"Se accede a una lista de carritos"}
{"level":"info","message":"Carrito creado correctamente"}
{"level":"info","message":"Se obtiene lista de la orden"}
{"level":"info","message":"La orden se ha creado correctamente :)"}
{"level":"info","message":"Se cargan productos"}
{"level":"info","message":"Se crea producto correctamente"}
{"level":"error","message":"El owner debe contener usuarios premium"}
{"level":"info","message":"Se cargan usuarios"}
{"level":"info","message":"Se crea Usuario correctamente"}
{"level":"info","message":"Inicio de sesión exitoso para el usuario: ejemplo1@gmail.com"}
{"level":"info","message":"Se inicia página de Inicio de Login"}
{"level":"info","message":"Inicio de sesión exitoso para el usuario: soliskarem@gmail.com"}
{"level":"info","message":"Inicio de sesión exitoso para el usuario: soliskarem@gmail.com"}
{"level":"error","message":"Error de autenticación: Contraseña incorrecta"}
{"level":"error","message":"Error de autenticación: Contraseña incorrecta"}
{"level":"error","message":"Error de autenticación: Contraseña incorrecta"}
{"level":"error","message":"Error de autenticación: Contraseña incorrecta"}
{"level":"error","message":"Error de autenticación: Contraseña incorrecta"}
{"level":"error","message":"Error de autenticación: Contraseña incorrecta"}
{"level":"error","message":"Error de autenticación: Contraseña incorrecta"}
{"level":"error","message":"Error de autenticación: Contraseña incorrecta"}
{"level":"error","message":"Error de autenticación: Contraseña incorrecta"}
{"level":"error","message":"Error de autenticación: Contraseña incorrecta"}
{"level":"error","message":"Error de autenticación: Contraseña incorrecta"}
{"level":"error","message":"Error de autenticación: Contraseña incorrecta"}
{"level":"error","message":"Error de autenticación: Contraseña incorrecta"}
{"level":"error","message":"Error de autenticación: Contraseña incorrecta"}
{"level":"info","message":"Se inicia página de Inicio de Login"}
{"level":"info","message":"Se inicia página de Inicio de Login"}
{"level":"info","message":"Se inicia página de Inicio de Login"}
{"level":"info","message":"Se inicia página de Inicio de Login"}
{"level":"info","message":"Se inicia página de Inicio de Login"}
{"level":"info","message":"Se inicia página de Inicio de Login"}
{"level":"info","message":"Se inicia página de Inicio de Login"}
{"level":"info","message":"Se inicia página de Inicio de Login"}
{"level":"info","message":"Se inicia página de Inicio de Login"}
{"level":"info","message":"Se inicia página de Inicio de Login"}
{"level":"info","message":"Se inicia página de Inicio de Login"}
{"level":"info","message":"Se inicia página de Inicio de Login"}
{"level":"info","message":"Se inicia página de Inicio de Login"}
{"level":"info","message":"Se inicia página de Inicio de Login"}
{"level":"info","message":"Se inicia página de Inicio de Login"}
{"level":"info","message":"Se inicia página de Inicio de Login"}
{"level":"info","message":"Se inicia página de Inicio de Login"}
{"level":"info","message":"Se inicia página de Inicio de Login"}
{"level":"info","message":"Se inicia página de Inicio de Login"}
{"level":"info","message":"Se inicia página de Inicio de Login"}
{"level":"info","message":"Se inicia página de Inicio de Login"}
{"level":"info","message":"Se inicia página de Inicio de Login"}
{"level":"info","message":"Se inicia página de Inicio de Login"}
{"level":"info","message":"Se inicia página de Inicio de Login"}
{"level":"info","message":"Se inicia página de Inicio de Login"}
{"level":"info","message":"Se inicia página de Inicio de Login"}
{"level":"info","message":"Se inicia página de Inicio de Login"}
{"level":"info","message":"Se inicia página de Inicio de Login"}
{"level":"info","message":"Se inicia página de Inicio de Login"}
{"level":"info","message":"Inicio de sesión exitoso para el usuario: soliskarem@gmail.com"}
{"level":"info","message":"Inicio de sesión exitoso para el usuario: soliskarem@gmail.com"}
{"level":"info","message":"Inicio de sesión exitoso para el usuario: soliskarem@gmail.com"}
