{"level":"warn","message":"Intento de registro con un correo electrónico ya existente: soliskarem@gmail.com"}
{"level":"warn","message":"Intento de registro con un correo electrónico ya existente: soliskarem@gmail.com"}
{"level":"warn","message":"Intento de registro con un correo electrónico ya existente: soliskarem@gmail.com"}
{"level":"warn","message":"Intento de registro con un correo electrónico ya existente: soliskarem@gmail.com"}
{"level":"warn","message":"Intento de registro con un correo electrónico ya existente: soliskarem@gmail.com"}
{"level":"warn","message":"Intento de registro con un correo electrónico ya existente: soliskarem@gmail.com"}
{"level":"warn","message":"Intento de registro con un correo electrónico ya existente: soliskarem@gmail.com"}
{"level":"warn","message":"Intento de registro con un correo electrónico ya existente: soliskarem@gmail.com"}
{"level":"warn","message":"Intento de registro con un correo electrónico ya existente: soliskarem@gmail.com"}
{"level":"warn","message":"Intento de registro con un correo electrónico ya existente: soliskarem@gmail.com"}
{"level":"warn","message":"Intento de registro con un correo electrónico ya existente: soliskarem@gmail.com"}
{"level":"warn","message":"Intento de registro con un correo electrónico ya existente: soliskarem@gmail.com"}
{"level":"warn","message":"Intento de registro con un correo electrónico ya existente: soliskarem@gmail.com"}
{"level":"warn","message":"Intento de registro con un correo electrónico ya existente: soliskarem@gmail.com"}
{"level":"warn","message":"Intento de registro con un correo electrónico ya existente: soliskarem@gmail.com"}
{"level":"warn","message":"Intento de registro con un correo electrónico ya existente: soliskarem@gmail.com"}
{"level":"warn","message":"Intento de registro con un correo electrónico ya existente: soliskarem@outlook.es"}
{"level":"warn","message":"Desconectado de la base de datos Atlas de MongoDB"}
{"level":"error","message":"Error al comparar contraseñas: data and hash arguments required"}
{"level":"error","message":"Error al comparar contraseñas: data and hash arguments required"}
{"level":"error","message":"Error al comparar contraseñas: data and hash arguments required"}
{"level":"error","message":"Error al comparar contraseñas: data and hash arguments required"}
{"level":"error","message":"Error al comparar contraseñas: data and hash arguments required"}
{"level":"error","message":"Error al comparar contraseñas: data and hash arguments required"}
{"level":"error","message":"Error al comparar contraseñas: data and hash arguments required"}
{"level":"error","message":"Error al comparar contraseñas: data and hash arguments required"}
{"level":"error","message":"Error al comparar contraseñas: data and hash arguments required"}
{"level":"error","message":"Error al comparar contraseñas: data and hash arguments required"}
{"level":"error","message":"Error al comparar contraseñas: data and hash arguments required"}
{"level":"error","message":"Error al comparar contraseñas: data and hash arguments required"}
{"level":"error","message":"Error al comparar contraseñas: data and hash arguments required"}
{"level":"error","message":"Error al comparar contraseñas: data and hash arguments required"}
{"level":"error","message":"Error al comparar contraseñas: data and hash arguments required"}
{"level":"error","message":"Error al comparar contraseñas: data and hash arguments required"}
{"level":"error","message":"Error al comparar contraseñas: data and hash arguments required"}
{"level":"error","message":"Error al comparar contraseñas: data and hash arguments required"}
{"level":"error","message":"Error al comparar contraseñas: data and hash arguments required"}
{"level":"error","message":"Error al comparar contraseñas: data and hash arguments required"}
{"level":"error","message":"Error al comparar contraseñas: data and hash arguments required"}
{"level":"error","message":"Error al comparar contraseñas: data and hash arguments required"}
{"level":"error","message":"Error al comparar contraseñas: data and hash arguments required"}
{"level":"error","message":"Error al comparar contraseñas: data and hash arguments required"}
{"level":"error","message":"Error al comparar contraseñas: data and hash arguments required"}
{"level":"error","message":"Error al comparar contraseñas: data and hash arguments required"}
{"level":"error","message":"Error al comparar contraseñas: data and hash arguments required"}
{"level":"error","message":"Error al comparar contraseñas: data and hash arguments required"}
{"level":"error","message":"Error al comparar contraseñas: data and hash arguments required"}
{"level":"warn","message":"Desconectado de la base de datos Atlas de MongoDB"}
{"level":"warn","message":"El usuario con email soliskarem@gmail.com no tiene un rol de premium"}
{"level":"warn","message":"El usuario con email undefined no tiene un rol de premium"}
{"level":"warn","message":"El usuario con email soliskarem@gmail.com no tiene un rol de premium"}
{"level":"error","message":"El owner debe contener usuarios premium"}
{"level":"error","message":"Error de autenticación: Contraseña incorrecta"}
{"level":"warn","message":"Desconectado de la base de datos Atlas de MongoDB"}
{"level":"error","message":"Error al comparar contraseñas: data and hash arguments required"}
{"level":"error","message":"Error al comparar contraseñas: data and hash arguments required"}
{"level":"warn","message":"Desconectado de la base de datos Atlas de MongoDB"}
{"level":"warn","message":"El usuario con email undefined no tiene un rol de premium"}
{"level":"warn","message":"El usuario con email soliskarem@gmail.com no tiene un rol de premium"}
{"level":"error","message":"El owner debe contener usuarios premium"}
{"level":"warn","message":"Desconectado de la base de datos Atlas de MongoDB"}
{"level":"warn","message":"El usuario con email Test Owner no tiene un rol de premium"}
{"level":"warn","message":"El usuario con email Test Owner no tiene un rol de premium"}
{"level":"warn","message":"Desconectado de la base de datos Atlas de MongoDB"}
{"level":"warn","message":"Desconectado de la base de datos Atlas de MongoDB"}
{"level":"warn","message":"El usuario con email soliskarem@gmail.com no tiene un rol de premium"}
{"level":"warn","message":"Intento de registro con un correo electrónico ya existente: soliskarem@gmail.com"}
{"level":"warn","message":"Intento de registro con un correo electrónico ya existente: soliskarem@gmail.com"}
{"level":"warn","message":"Intento de registro con un correo electrónico ya existente: soliskarem@gmail.com"}
{"level":"warn","message":"Intento de registro con un correo electrónico ya existente: soliskarem@gmail.com"}
{"level":"warn","message":"Intento de registro con un correo electrónico ya existente: soliskarem@gmail.com"}
{"level":"warn","message":"Intento de registro con un correo electrónico ya existente: soliskarem@gmail.com"}
{"level":"warn","message":"Intento de registro con un correo electrónico ya existente: soliskarem@gmail.com"}
{"level":"warn","message":"Intento de registro con un correo electrónico ya existente: soliskarem@gmail.com"}
{"level":"warn","message":"Intento de registro con un correo electrónico ya existente: soliskarem@gmail.com"}
{"level":"warn","message":"Intento de registro con un correo electrónico ya existente: soliskarem@gmail.com"}
{"level":"warn","message":"Intento de registro con un correo electrónico ya existente: soliskarem@gmail.com"}
{"level":"warn","message":"Intento de registro con un correo electrónico ya existente: soliskarem@gmail.com"}
{"level":"warn","message":"Intento de registro con un correo electrónico ya existente: soliskarem@gmail.com"}
{"level":"warn","message":"Intento de registro con un correo electrónico ya existente: soliskarem@gmail.com"}
{"level":"warn","message":"Intento de registro con un correo electrónico ya existente: soliskarem@gmail.com"}
{"level":"warn","message":"El usuario con email soliskarem@outlook.com no tiene un rol de premium"}
{"level":"warn","message":"Desconectado de la base de datos Atlas de MongoDB"}
